<?xml version="1.0" encoding="UTF-8"?>
<!-- Generated by org.testng.reporters.JUnitXMLReporter -->
<testsuite ignored="0" hostname="DESKTOP-PQAQEE1" failures="2" tests="3" name="Default test" time="403.094" errors="0" timestamp="30 Aug 2022 12:15:52 GMT">
  <testcase classname="taskPage.TestCase_002_1" name="LinkShouldRedirectToTaskPageTC0021" time="76.544">
    <failure type="java.lang.AssertionError" message="expected [Saravanan Testing] but found [Sloovi Outreach]">
      <![CDATA[java.lang.AssertionError: expected [Saravanan Testing] but found [Sloovi Outreach]
at org.testng.Assert.fail(Assert.java:96)
at org.testng.Assert.failNotEquals(Assert.java:776)
at org.testng.Assert.assertEqualsImpl(Assert.java:137)
at org.testng.Assert.assertEquals(Assert.java:118)
at org.testng.Assert.assertEquals(Assert.java:453)
at org.testng.Assert.assertEquals(Assert.java:463)
at taskPage.TestCase_002_1.LinkShouldRedirectToTaskPageTC0021(TestCase_002_1.java:37)
at java.base/jdk.internal.reflect.DirectMethodHandleAccessor.invoke(DirectMethodHandleAccessor.java:104)
at java.base/java.lang.reflect.Method.invoke(Method.java:577)
at org.testng.internal.MethodInvocationHelper.invokeMethod(MethodInvocationHelper.java:124)
at org.testng.internal.Invoker.invokeMethod(Invoker.java:583)
at org.testng.internal.Invoker.invokeTestMethod(Invoker.java:719)
at org.testng.internal.Invoker.invokeTestMethods(Invoker.java:989)
at org.testng.internal.TestMethodWorker.invokeTestMethods(TestMethodWorker.java:125)
at org.testng.internal.TestMethodWorker.run(TestMethodWorker.java:109)
at org.testng.TestRunner.privateRun(TestRunner.java:648)
at org.testng.TestRunner.run(TestRunner.java:505)
at org.testng.SuiteRunner.runTest(SuiteRunner.java:455)
at org.testng.SuiteRunner.runSequentially(SuiteRunner.java:450)
at org.testng.SuiteRunner.privateRun(SuiteRunner.java:415)
at org.testng.SuiteRunner.run(SuiteRunner.java:364)
at org.testng.SuiteRunnerWorker.runSuite(SuiteRunnerWorker.java:52)
at org.testng.SuiteRunnerWorker.run(SuiteRunnerWorker.java:84)
at org.testng.TestNG.runSuitesSequentially(TestNG.java:1208)
at org.testng.TestNG.runSuitesLocally(TestNG.java:1137)
at org.testng.TestNG.runSuites(TestNG.java:1049)
at org.testng.TestNG.run(TestNG.java:1017)
at org.testng.remote.AbstractRemoteTestNG.run(AbstractRemoteTestNG.java:115)
at org.testng.remote.RemoteTestNG.initAndRun(RemoteTestNG.java:251)
at org.testng.remote.RemoteTestNG.main(RemoteTestNG.java:77)
]]>
    </failure>
  </testcase> <!-- LinkShouldRedirectToTaskPageTC0021 -->
  <testcase classname="taskPage.TestCase_002_1" name="CreatNewTaskTC0022" time="7.918"/>
  <testcase classname="taskPage.TestCase_002_1" name="taskWithoutDescriptionTC0023" time="31.851">
    <failure type="com.microsoft.playwright.TimeoutError" message="Error {
  message=&amp;apos;Timeout 30000ms exceeded.
=========================== logs ===========================
waiting for selector &amp;quot;text=Required&amp;quot;
============================================================
  name=&amp;apos;TimeoutError
  stack=&amp;apos;TimeoutError: Timeout 30000ms exceeded.
=========================== logs ===========================
waiting for selector &amp;quot;text=Required&amp;quot;
============================================================
    at ProgressController.run (C:\Users\hp\AppData\Local\Temp\playwright-java-3691247292969773755\package\lib\server\progress.js:96:26)
    at Frame._scheduleRerunnableTask (C:\Users\hp\AppData\Local\Temp\playwright-java-3691247292969773755\package\lib\server\frames.js:1572:23)
    at Frame.textContent (C:\Users\hp\AppData\Local\Temp\playwright-java-3691247292969773755\package\lib\server\frames.js:1256:17)
    at FrameDispatcher.textContent (C:\Users\hp\AppData\Local\Temp\playwright-java-3691247292969773755\package\lib\server\dispatchers\frameDispatcher.js:197:37)
    at DispatcherConnection.dispatch (C:\Users\hp\AppData\Local\Temp\playwright-java-3691247292969773755\package\lib\server\dispatchers\dispatcher.js:397:46)
}">
      <![CDATA[com.microsoft.playwright.TimeoutError: Error {
  message='Timeout 30000ms exceeded.
=========================== logs ===========================
waiting for selector "text=Required"
============================================================
  name='TimeoutError
  stack='TimeoutError: Timeout 30000ms exceeded.
=========================== logs ===========================
waiting for selector "text=Required"
============================================================
    at ProgressController.run (C:\Users\hp\AppData\Local\Temp\playwright-java-3691247292969773755\package\lib\server\progress.js:96:26)
    at Frame._scheduleRerunnableTask (C:\Users\hp\AppData\Local\Temp\playwright-java-3691247292969773755\package\lib\server\frames.js:1572:23)
    at Frame.textContent (C:\Users\hp\AppData\Local\Temp\playwright-java-3691247292969773755\package\lib\server\frames.js:1256:17)
    at FrameDispatcher.textContent (C:\Users\hp\AppData\Local\Temp\playwright-java-3691247292969773755\package\lib\server\dispatchers\frameDispatcher.js:197:37)
    at DispatcherConnection.dispatch (C:\Users\hp\AppData\Local\Temp\playwright-java-3691247292969773755\package\lib\server\dispatchers\dispatcher.js:397:46)
}
at com.microsoft.playwright.impl.WaitableResult.get(WaitableResult.java:52)
at com.microsoft.playwright.impl.ChannelOwner.runUntil(ChannelOwner.java:109)
at com.microsoft.playwright.impl.Connection.sendMessage(Connection.java:108)
at com.microsoft.playwright.impl.ChannelOwner.sendMessage(ChannelOwner.java:100)
at com.microsoft.playwright.impl.FrameImpl.textContentImpl(FrameImpl.java:748)
at com.microsoft.playwright.impl.PageImpl.lambda$textContent$65(PageImpl.java:1171)
at com.microsoft.playwright.impl.LoggingSupport.withLogging(LoggingSupport.java:47)
at com.microsoft.playwright.impl.ChannelOwner.withLogging(ChannelOwner.java:85)
at com.microsoft.playwright.impl.PageImpl.textContent(PageImpl.java:1170)
at com.microsoft.playwright.Page.textContent(Page.java:5856)
at PageObjects.TaskPage.RequiredTxt(TaskPage.java:79)
at taskPage.TestCase_002_1.taskWithoutDescriptionTC0023(TestCase_002_1.java:49)
at java.base/jdk.internal.reflect.DirectMethodHandleAccessor.invoke(DirectMethodHandleAccessor.java:104)
at java.base/java.lang.reflect.Method.invoke(Method.java:577)
at org.testng.internal.MethodInvocationHelper.invokeMethod(MethodInvocationHelper.java:124)
at org.testng.internal.Invoker.invokeMethod(Invoker.java:583)
at org.testng.internal.Invoker.invokeTestMethod(Invoker.java:719)
at org.testng.internal.Invoker.invokeTestMethods(Invoker.java:989)
at org.testng.internal.TestMethodWorker.invokeTestMethods(TestMethodWorker.java:125)
at org.testng.internal.TestMethodWorker.run(TestMethodWorker.java:109)
at org.testng.TestRunner.privateRun(TestRunner.java:648)
at org.testng.TestRunner.run(TestRunner.java:505)
at org.testng.SuiteRunner.runTest(SuiteRunner.java:455)
at org.testng.SuiteRunner.runSequentially(SuiteRunner.java:450)
at org.testng.SuiteRunner.privateRun(SuiteRunner.java:415)
at org.testng.SuiteRunner.run(SuiteRunner.java:364)
at org.testng.SuiteRunnerWorker.runSuite(SuiteRunnerWorker.java:52)
at org.testng.SuiteRunnerWorker.run(SuiteRunnerWorker.java:84)
at org.testng.TestNG.runSuitesSequentially(TestNG.java:1208)
at org.testng.TestNG.runSuitesLocally(TestNG.java:1137)
at org.testng.TestNG.runSuites(TestNG.java:1049)
at org.testng.TestNG.run(TestNG.java:1017)
at org.testng.remote.AbstractRemoteTestNG.run(AbstractRemoteTestNG.java:115)
at org.testng.remote.RemoteTestNG.initAndRun(RemoteTestNG.java:251)
at org.testng.remote.RemoteTestNG.main(RemoteTestNG.java:77)
Caused by: com.microsoft.playwright.TimeoutError: Error {
  message='Timeout 30000ms exceeded.
=========================== logs ===========================
waiting for selector "text=Required"
============================================================
  name='TimeoutError
  stack='TimeoutError: Timeout 30000ms exceeded.
=========================== logs ===========================
waiting for selector "text=Required"
============================================================
    at ProgressController.run (C:\Users\hp\AppData\Local\Temp\playwright-java-3691247292969773755\package\lib\server\progress.js:96:26)
    at Frame._scheduleRerunnableTask (C:\Users\hp\AppData\Local\Temp\playwright-java-3691247292969773755\package\lib\server\frames.js:1572:23)
    at Frame.textContent (C:\Users\hp\AppData\Local\Temp\playwright-java-3691247292969773755\package\lib\server\frames.js:1256:17)
    at FrameDispatcher.textContent (C:\Users\hp\AppData\Local\Temp\playwright-java-3691247292969773755\package\lib\server\dispatchers\frameDispatcher.js:197:37)
    at DispatcherConnection.dispatch (C:\Users\hp\AppData\Local\Temp\playwright-java-3691247292969773755\package\lib\server\dispatchers\dispatcher.js:397:46)
}
at com.microsoft.playwright.impl.Connection.dispatch(Connection.java:188)
at com.microsoft.playwright.impl.Connection.processOneMessage(Connection.java:170)
at com.microsoft.playwright.impl.ChannelOwner.runUntil(ChannelOwner.java:107)
... 33 more
]]>
    </failure>
  </testcase> <!-- taskWithoutDescriptionTC0023 -->
</testsuite> <!-- Default test -->
