<?xml version="1.0" encoding="UTF-8"?>
<testng-results ignored="0" total="3" passed="1" failed="2" skipped="0">
  <reporter-output>
  </reporter-output>
  <suite started-at="2022-08-30T12:09:08Z" name="Default suite" finished-at="2022-08-30T12:15:52Z" duration-ms="403094">
    <groups>
    </groups>
    <test started-at="2022-08-30T12:09:08Z" name="Default test" finished-at="2022-08-30T12:15:52Z" duration-ms="403094">
      <class name="taskPage.TestCase_002_1">
        <test-method is-config="true" signature="setup()[pri:0, instance:taskPage.TestCase_002_1@f0c8a99]" started-at="2022-08-30T12:09:08Z" name="setup" finished-at="2022-08-30T12:13:55Z" duration-ms="286706" status="PASS">
          <reporter-output>
          </reporter-output>
        </test-method> <!-- setup -->
        <test-method signature="LinkShouldRedirectToTaskPageTC0021()[pri:1, instance:taskPage.TestCase_002_1@f0c8a99]" started-at="2022-08-30T12:13:55Z" name="LinkShouldRedirectToTaskPageTC0021" finished-at="2022-08-30T12:15:12Z" duration-ms="76544" status="FAIL">
          <exception class="java.lang.AssertionError">
            <message>
              <![CDATA[expected [Saravanan Testing] but found [Sloovi Outreach]]]>
            </message>
            <full-stacktrace>
              <![CDATA[java.lang.AssertionError: expected [Saravanan Testing] but found [Sloovi Outreach]
at org.testng.Assert.fail(Assert.java:96)
at org.testng.Assert.failNotEquals(Assert.java:776)
at org.testng.Assert.assertEqualsImpl(Assert.java:137)
at org.testng.Assert.assertEquals(Assert.java:118)
at org.testng.Assert.assertEquals(Assert.java:453)
at org.testng.Assert.assertEquals(Assert.java:463)
at taskPage.TestCase_002_1.LinkShouldRedirectToTaskPageTC0021(TestCase_002_1.java:37)
at java.base/jdk.internal.reflect.DirectMethodHandleAccessor.invoke(DirectMethodHandleAccessor.java:104)
at java.base/java.lang.reflect.Method.invoke(Method.java:577)
at org.testng.internal.MethodInvocationHelper.invokeMethod(MethodInvocationHelper.java:124)
at org.testng.internal.Invoker.invokeMethod(Invoker.java:583)
at org.testng.internal.Invoker.invokeTestMethod(Invoker.java:719)
at org.testng.internal.Invoker.invokeTestMethods(Invoker.java:989)
at org.testng.internal.TestMethodWorker.invokeTestMethods(TestMethodWorker.java:125)
at org.testng.internal.TestMethodWorker.run(TestMethodWorker.java:109)
at org.testng.TestRunner.privateRun(TestRunner.java:648)
at org.testng.TestRunner.run(TestRunner.java:505)
at org.testng.SuiteRunner.runTest(SuiteRunner.java:455)
at org.testng.SuiteRunner.runSequentially(SuiteRunner.java:450)
at org.testng.SuiteRunner.privateRun(SuiteRunner.java:415)
at org.testng.SuiteRunner.run(SuiteRunner.java:364)
at org.testng.SuiteRunnerWorker.runSuite(SuiteRunnerWorker.java:52)
at org.testng.SuiteRunnerWorker.run(SuiteRunnerWorker.java:84)
at org.testng.TestNG.runSuitesSequentially(TestNG.java:1208)
at org.testng.TestNG.runSuitesLocally(TestNG.java:1137)
at org.testng.TestNG.runSuites(TestNG.java:1049)
at org.testng.TestNG.run(TestNG.java:1017)
at org.testng.remote.AbstractRemoteTestNG.run(AbstractRemoteTestNG.java:115)
at org.testng.remote.RemoteTestNG.initAndRun(RemoteTestNG.java:251)
at org.testng.remote.RemoteTestNG.main(RemoteTestNG.java:77)
]]>
            </full-stacktrace>
          </exception> <!-- java.lang.AssertionError -->
          <reporter-output>
          </reporter-output>
        </test-method> <!-- LinkShouldRedirectToTaskPageTC0021 -->
        <test-method signature="CreatNewTaskTC0022()[pri:2, instance:taskPage.TestCase_002_1@f0c8a99]" started-at="2022-08-30T12:15:12Z" name="CreatNewTaskTC0022" finished-at="2022-08-30T12:15:20Z" duration-ms="7918" status="PASS">
          <reporter-output>
          </reporter-output>
        </test-method> <!-- CreatNewTaskTC0022 -->
        <test-method signature="taskWithoutDescriptionTC0023()[pri:3, instance:taskPage.TestCase_002_1@f0c8a99]" started-at="2022-08-30T12:15:20Z" name="taskWithoutDescriptionTC0023" finished-at="2022-08-30T12:15:52Z" duration-ms="31851" status="FAIL">
          <exception class="com.microsoft.playwright.TimeoutError">
            <message>
              <![CDATA[Error {
  message='Timeout 30000ms exceeded.
=========================== logs ===========================
waiting for selector "text=Required"
============================================================
  name='TimeoutError
  stack='TimeoutError: Timeout 30000ms exceeded.
=========================== logs ===========================
waiting for selector "text=Required"
============================================================
    at ProgressController.run (C:\Users\hp\AppData\Local\Temp\playwright-java-3691247292969773755\package\lib\server\progress.js:96:26)
    at Frame._scheduleRerunnableTask (C:\Users\hp\AppData\Local\Temp\playwright-java-3691247292969773755\package\lib\server\frames.js:1572:23)
    at Frame.textContent (C:\Users\hp\AppData\Local\Temp\playwright-java-3691247292969773755\package\lib\server\frames.js:1256:17)
    at FrameDispatcher.textContent (C:\Users\hp\AppData\Local\Temp\playwright-java-3691247292969773755\package\lib\server\dispatchers\frameDispatcher.js:197:37)
    at DispatcherConnection.dispatch (C:\Users\hp\AppData\Local\Temp\playwright-java-3691247292969773755\package\lib\server\dispatchers\dispatcher.js:397:46)
}]]>
            </message>
            <full-stacktrace>
              <![CDATA[com.microsoft.playwright.TimeoutError: Error {
  message='Timeout 30000ms exceeded.
=========================== logs ===========================
waiting for selector "text=Required"
============================================================
  name='TimeoutError
  stack='TimeoutError: Timeout 30000ms exceeded.
=========================== logs ===========================
waiting for selector "text=Required"
============================================================
    at ProgressController.run (C:\Users\hp\AppData\Local\Temp\playwright-java-3691247292969773755\package\lib\server\progress.js:96:26)
    at Frame._scheduleRerunnableTask (C:\Users\hp\AppData\Local\Temp\playwright-java-3691247292969773755\package\lib\server\frames.js:1572:23)
    at Frame.textContent (C:\Users\hp\AppData\Local\Temp\playwright-java-3691247292969773755\package\lib\server\frames.js:1256:17)
    at FrameDispatcher.textContent (C:\Users\hp\AppData\Local\Temp\playwright-java-3691247292969773755\package\lib\server\dispatchers\frameDispatcher.js:197:37)
    at DispatcherConnection.dispatch (C:\Users\hp\AppData\Local\Temp\playwright-java-3691247292969773755\package\lib\server\dispatchers\dispatcher.js:397:46)
}
at com.microsoft.playwright.impl.WaitableResult.get(WaitableResult.java:52)
at com.microsoft.playwright.impl.ChannelOwner.runUntil(ChannelOwner.java:109)
at com.microsoft.playwright.impl.Connection.sendMessage(Connection.java:108)
at com.microsoft.playwright.impl.ChannelOwner.sendMessage(ChannelOwner.java:100)
at com.microsoft.playwright.impl.FrameImpl.textContentImpl(FrameImpl.java:748)
at com.microsoft.playwright.impl.PageImpl.lambda$textContent$65(PageImpl.java:1171)
at com.microsoft.playwright.impl.LoggingSupport.withLogging(LoggingSupport.java:47)
at com.microsoft.playwright.impl.ChannelOwner.withLogging(ChannelOwner.java:85)
at com.microsoft.playwright.impl.PageImpl.textContent(PageImpl.java:1170)
at com.microsoft.playwright.Page.textContent(Page.java:5856)
at PageObjects.TaskPage.RequiredTxt(TaskPage.java:79)
at taskPage.TestCase_002_1.taskWithoutDescriptionTC0023(TestCase_002_1.java:49)
at java.base/jdk.internal.reflect.DirectMethodHandleAccessor.invoke(DirectMethodHandleAccessor.java:104)
at java.base/java.lang.reflect.Method.invoke(Method.java:577)
at org.testng.internal.MethodInvocationHelper.invokeMethod(MethodInvocationHelper.java:124)
at org.testng.internal.Invoker.invokeMethod(Invoker.java:583)
at org.testng.internal.Invoker.invokeTestMethod(Invoker.java:719)
at org.testng.internal.Invoker.invokeTestMethods(Invoker.java:989)
at org.testng.internal.TestMethodWorker.invokeTestMethods(TestMethodWorker.java:125)
at org.testng.internal.TestMethodWorker.run(TestMethodWorker.java:109)
at org.testng.TestRunner.privateRun(TestRunner.java:648)
at org.testng.TestRunner.run(TestRunner.java:505)
at org.testng.SuiteRunner.runTest(SuiteRunner.java:455)
at org.testng.SuiteRunner.runSequentially(SuiteRunner.java:450)
at org.testng.SuiteRunner.privateRun(SuiteRunner.java:415)
at org.testng.SuiteRunner.run(SuiteRunner.java:364)
at org.testng.SuiteRunnerWorker.runSuite(SuiteRunnerWorker.java:52)
at org.testng.SuiteRunnerWorker.run(SuiteRunnerWorker.java:84)
at org.testng.TestNG.runSuitesSequentially(TestNG.java:1208)
at org.testng.TestNG.runSuitesLocally(TestNG.java:1137)
at org.testng.TestNG.runSuites(TestNG.java:1049)
at org.testng.TestNG.run(TestNG.java:1017)
at org.testng.remote.AbstractRemoteTestNG.run(AbstractRemoteTestNG.java:115)
at org.testng.remote.RemoteTestNG.initAndRun(RemoteTestNG.java:251)
at org.testng.remote.RemoteTestNG.main(RemoteTestNG.java:77)
Caused by: com.microsoft.playwright.TimeoutError: Error {
  message='Timeout 30000ms exceeded.
=========================== logs ===========================
waiting for selector "text=Required"
============================================================
  name='TimeoutError
  stack='TimeoutError: Timeout 30000ms exceeded.
=========================== logs ===========================
waiting for selector "text=Required"
============================================================
    at ProgressController.run (C:\Users\hp\AppData\Local\Temp\playwright-java-3691247292969773755\package\lib\server\progress.js:96:26)
    at Frame._scheduleRerunnableTask (C:\Users\hp\AppData\Local\Temp\playwright-java-3691247292969773755\package\lib\server\frames.js:1572:23)
    at Frame.textContent (C:\Users\hp\AppData\Local\Temp\playwright-java-3691247292969773755\package\lib\server\frames.js:1256:17)
    at FrameDispatcher.textContent (C:\Users\hp\AppData\Local\Temp\playwright-java-3691247292969773755\package\lib\server\dispatchers\frameDispatcher.js:197:37)
    at DispatcherConnection.dispatch (C:\Users\hp\AppData\Local\Temp\playwright-java-3691247292969773755\package\lib\server\dispatchers\dispatcher.js:397:46)
}
at com.microsoft.playwright.impl.Connection.dispatch(Connection.java:188)
at com.microsoft.playwright.impl.Connection.processOneMessage(Connection.java:170)
at com.microsoft.playwright.impl.ChannelOwner.runUntil(ChannelOwner.java:107)
... 33 more
]]>
            </full-stacktrace>
          </exception> <!-- com.microsoft.playwright.TimeoutError -->
          <reporter-output>
          </reporter-output>
        </test-method> <!-- taskWithoutDescriptionTC0023 -->
      </class> <!-- taskPage.TestCase_002_1 -->
    </test> <!-- Default test -->
  </suite> <!-- Default suite -->
</testng-results>
