<?xml version="1.0" encoding="UTF-8"?>
<testng-results ignored="0" total="6" passed="4" failed="2" skipped="0">
  <reporter-output>
  </reporter-output>
  <suite started-at="2022-08-30T14:14:39Z" name="Default suite" finished-at="2022-08-30T14:17:21Z" duration-ms="162162">
    <groups>
    </groups>
    <test started-at="2022-08-30T14:14:39Z" name="Default test" finished-at="2022-08-30T14:17:21Z" duration-ms="162162">
      <class name="taskPage.TestCase_002_1">
        <test-method is-config="true" signature="setup()[pri:0, instance:taskPage.TestCase_002_1@740cae06]" started-at="2022-08-30T14:14:39Z" name="setup" finished-at="2022-08-30T14:15:57Z" duration-ms="77887" status="PASS">
          <reporter-output>
          </reporter-output>
        </test-method> <!-- setup -->
        <test-method signature="LinkShouldRedirectToTaskPageTC0021()[pri:1, instance:taskPage.TestCase_002_1@740cae06]" started-at="2022-08-30T14:15:57Z" name="LinkShouldRedirectToTaskPageTC0021" finished-at="2022-08-30T14:16:14Z" duration-ms="17256" status="PASS">
          <reporter-output>
          </reporter-output>
        </test-method> <!-- LinkShouldRedirectToTaskPageTC0021 -->
        <test-method signature="CreatNewTaskTC0022()[pri:2, instance:taskPage.TestCase_002_1@740cae06]" started-at="2022-08-30T14:16:14Z" name="CreatNewTaskTC0022" finished-at="2022-08-30T14:16:16Z" duration-ms="2178" status="PASS">
          <reporter-output>
          </reporter-output>
        </test-method> <!-- CreatNewTaskTC0022 -->
        <test-method signature="taskWithoutDescriptionTC0023()[pri:3, instance:taskPage.TestCase_002_1@740cae06]" started-at="2022-08-30T14:16:16Z" name="taskWithoutDescriptionTC0023" finished-at="2022-08-30T14:16:48Z" duration-ms="31626" status="FAIL">
          <exception class="com.microsoft.playwright.TimeoutError">
            <message>
              <![CDATA[Error {
  message='Timeout 30000ms exceeded.
=========================== logs ===========================
waiting for selector "text=Required"
============================================================
  name='TimeoutError
  stack='TimeoutError: Timeout 30000ms exceeded.
=========================== logs ===========================
waiting for selector "text=Required"
============================================================
    at ProgressController.run (C:\Users\hp\AppData\Local\Temp\playwright-java-8371012030729057343\package\lib\server\progress.js:96:26)
    at Frame._scheduleRerunnableTask (C:\Users\hp\AppData\Local\Temp\playwright-java-8371012030729057343\package\lib\server\frames.js:1572:23)
    at Frame.textContent (C:\Users\hp\AppData\Local\Temp\playwright-java-8371012030729057343\package\lib\server\frames.js:1256:17)
    at FrameDispatcher.textContent (C:\Users\hp\AppData\Local\Temp\playwright-java-8371012030729057343\package\lib\server\dispatchers\frameDispatcher.js:197:37)
    at DispatcherConnection.dispatch (C:\Users\hp\AppData\Local\Temp\playwright-java-8371012030729057343\package\lib\server\dispatchers\dispatcher.js:397:46)
}]]>
            </message>
            <full-stacktrace>
              <![CDATA[com.microsoft.playwright.TimeoutError: Error {
  message='Timeout 30000ms exceeded.
=========================== logs ===========================
waiting for selector "text=Required"
============================================================
  name='TimeoutError
  stack='TimeoutError: Timeout 30000ms exceeded.
=========================== logs ===========================
waiting for selector "text=Required"
============================================================
    at ProgressController.run (C:\Users\hp\AppData\Local\Temp\playwright-java-8371012030729057343\package\lib\server\progress.js:96:26)
    at Frame._scheduleRerunnableTask (C:\Users\hp\AppData\Local\Temp\playwright-java-8371012030729057343\package\lib\server\frames.js:1572:23)
    at Frame.textContent (C:\Users\hp\AppData\Local\Temp\playwright-java-8371012030729057343\package\lib\server\frames.js:1256:17)
    at FrameDispatcher.textContent (C:\Users\hp\AppData\Local\Temp\playwright-java-8371012030729057343\package\lib\server\dispatchers\frameDispatcher.js:197:37)
    at DispatcherConnection.dispatch (C:\Users\hp\AppData\Local\Temp\playwright-java-8371012030729057343\package\lib\server\dispatchers\dispatcher.js:397:46)
}
at com.microsoft.playwright.impl.WaitableResult.get(WaitableResult.java:52)
at com.microsoft.playwright.impl.ChannelOwner.runUntil(ChannelOwner.java:109)
at com.microsoft.playwright.impl.Connection.sendMessage(Connection.java:108)
at com.microsoft.playwright.impl.ChannelOwner.sendMessage(ChannelOwner.java:100)
at com.microsoft.playwright.impl.FrameImpl.textContentImpl(FrameImpl.java:748)
at com.microsoft.playwright.impl.PageImpl.lambda$textContent$65(PageImpl.java:1171)
at com.microsoft.playwright.impl.LoggingSupport.withLogging(LoggingSupport.java:47)
at com.microsoft.playwright.impl.ChannelOwner.withLogging(ChannelOwner.java:85)
at com.microsoft.playwright.impl.PageImpl.textContent(PageImpl.java:1170)
at com.microsoft.playwright.Page.textContent(Page.java:5856)
at PageObjects.TaskPage.RequiredTxt(TaskPage.java:79)
at taskPage.TestCase_002_1.taskWithoutDescriptionTC0023(TestCase_002_1.java:50)
at java.base/jdk.internal.reflect.DirectMethodHandleAccessor.invoke(DirectMethodHandleAccessor.java:104)
at java.base/java.lang.reflect.Method.invoke(Method.java:577)
at org.testng.internal.MethodInvocationHelper.invokeMethod(MethodInvocationHelper.java:124)
at org.testng.internal.Invoker.invokeMethod(Invoker.java:583)
at org.testng.internal.Invoker.invokeTestMethod(Invoker.java:719)
at org.testng.internal.Invoker.invokeTestMethods(Invoker.java:989)
at org.testng.internal.TestMethodWorker.invokeTestMethods(TestMethodWorker.java:125)
at org.testng.internal.TestMethodWorker.run(TestMethodWorker.java:109)
at org.testng.TestRunner.privateRun(TestRunner.java:648)
at org.testng.TestRunner.run(TestRunner.java:505)
at org.testng.SuiteRunner.runTest(SuiteRunner.java:455)
at org.testng.SuiteRunner.runSequentially(SuiteRunner.java:450)
at org.testng.SuiteRunner.privateRun(SuiteRunner.java:415)
at org.testng.SuiteRunner.run(SuiteRunner.java:364)
at org.testng.SuiteRunnerWorker.runSuite(SuiteRunnerWorker.java:52)
at org.testng.SuiteRunnerWorker.run(SuiteRunnerWorker.java:84)
at org.testng.TestNG.runSuitesSequentially(TestNG.java:1208)
at org.testng.TestNG.runSuitesLocally(TestNG.java:1137)
at org.testng.TestNG.runSuites(TestNG.java:1049)
at org.testng.TestNG.run(TestNG.java:1017)
at org.testng.remote.AbstractRemoteTestNG.run(AbstractRemoteTestNG.java:115)
at org.testng.remote.RemoteTestNG.initAndRun(RemoteTestNG.java:251)
at org.testng.remote.RemoteTestNG.main(RemoteTestNG.java:77)
Caused by: com.microsoft.playwright.TimeoutError: Error {
  message='Timeout 30000ms exceeded.
=========================== logs ===========================
waiting for selector "text=Required"
============================================================
  name='TimeoutError
  stack='TimeoutError: Timeout 30000ms exceeded.
=========================== logs ===========================
waiting for selector "text=Required"
============================================================
    at ProgressController.run (C:\Users\hp\AppData\Local\Temp\playwright-java-8371012030729057343\package\lib\server\progress.js:96:26)
    at Frame._scheduleRerunnableTask (C:\Users\hp\AppData\Local\Temp\playwright-java-8371012030729057343\package\lib\server\frames.js:1572:23)
    at Frame.textContent (C:\Users\hp\AppData\Local\Temp\playwright-java-8371012030729057343\package\lib\server\frames.js:1256:17)
    at FrameDispatcher.textContent (C:\Users\hp\AppData\Local\Temp\playwright-java-8371012030729057343\package\lib\server\dispatchers\frameDispatcher.js:197:37)
    at DispatcherConnection.dispatch (C:\Users\hp\AppData\Local\Temp\playwright-java-8371012030729057343\package\lib\server\dispatchers\dispatcher.js:397:46)
}
at com.microsoft.playwright.impl.Connection.dispatch(Connection.java:188)
at com.microsoft.playwright.impl.Connection.processOneMessage(Connection.java:170)
at com.microsoft.playwright.impl.ChannelOwner.runUntil(ChannelOwner.java:107)
... 33 more
]]>
            </full-stacktrace>
          </exception> <!-- com.microsoft.playwright.TimeoutError -->
          <reporter-output>
          </reporter-output>
        </test-method> <!-- taskWithoutDescriptionTC0023 -->
        <test-method signature="CreateTaskFoAPastDateTC0024()[pri:4, instance:taskPage.TestCase_002_1@740cae06]" started-at="2022-08-30T14:16:48Z" name="CreateTaskFoAPastDateTC0024" finished-at="2022-08-30T14:17:20Z" duration-ms="31446" status="FAIL">
          <exception class="com.microsoft.playwright.TimeoutError">
            <message>
              <![CDATA[Error {
  message='Timeout 30000ms exceeded.
=========================== logs ===========================
waiting for selector "TaskToBeDone"
============================================================
  name='TimeoutError
  stack='TimeoutError: Timeout 30000ms exceeded.
=========================== logs ===========================
waiting for selector "TaskToBeDone"
============================================================
    at ProgressController.run (C:\Users\hp\AppData\Local\Temp\playwright-java-8371012030729057343\package\lib\server\progress.js:96:26)
    at Frame.hover (C:\Users\hp\AppData\Local\Temp\playwright-java-8371012030729057343\package\lib\server\frames.js:1362:23)
    at FrameDispatcher.hover (C:\Users\hp\AppData\Local\Temp\playwright-java-8371012030729057343\package\lib\server\dispatchers\frameDispatcher.js:266:30)
    at DispatcherConnection.dispatch (C:\Users\hp\AppData\Local\Temp\playwright-java-8371012030729057343\package\lib\server\dispatchers\dispatcher.js:397:46)
}]]>
            </message>
            <full-stacktrace>
              <![CDATA[com.microsoft.playwright.TimeoutError: Error {
  message='Timeout 30000ms exceeded.
=========================== logs ===========================
waiting for selector "TaskToBeDone"
============================================================
  name='TimeoutError
  stack='TimeoutError: Timeout 30000ms exceeded.
=========================== logs ===========================
waiting for selector "TaskToBeDone"
============================================================
    at ProgressController.run (C:\Users\hp\AppData\Local\Temp\playwright-java-8371012030729057343\package\lib\server\progress.js:96:26)
    at Frame.hover (C:\Users\hp\AppData\Local\Temp\playwright-java-8371012030729057343\package\lib\server\frames.js:1362:23)
    at FrameDispatcher.hover (C:\Users\hp\AppData\Local\Temp\playwright-java-8371012030729057343\package\lib\server\dispatchers\frameDispatcher.js:266:30)
    at DispatcherConnection.dispatch (C:\Users\hp\AppData\Local\Temp\playwright-java-8371012030729057343\package\lib\server\dispatchers\dispatcher.js:397:46)
}
at com.microsoft.playwright.impl.WaitableResult.get(WaitableResult.java:52)
at com.microsoft.playwright.impl.ChannelOwner.runUntil(ChannelOwner.java:109)
at com.microsoft.playwright.impl.Connection.sendMessage(Connection.java:108)
at com.microsoft.playwright.impl.ChannelOwner.sendMessage(ChannelOwner.java:100)
at com.microsoft.playwright.impl.FrameImpl.hoverImpl(FrameImpl.java:420)
at com.microsoft.playwright.impl.PageImpl.lambda$hover$33(PageImpl.java:805)
at com.microsoft.playwright.impl.LoggingSupport.lambda$withLogging$0(LoggingSupport.java:36)
at com.microsoft.playwright.impl.LoggingSupport.withLogging(LoggingSupport.java:47)
at com.microsoft.playwright.impl.ChannelOwner.withLogging(ChannelOwner.java:85)
at com.microsoft.playwright.impl.LoggingSupport.withLogging(LoggingSupport.java:35)
at com.microsoft.playwright.impl.PageImpl.hover(PageImpl.java:805)
at com.microsoft.playwright.Page.hover(Page.java:4361)
at PageObjects.TaskPage.CreateTaskForAPastDate(TaskPage.java:61)
at taskPage.TestCase_002_1.CreateTaskFoAPastDateTC0024(TestCase_002_1.java:56)
at java.base/jdk.internal.reflect.DirectMethodHandleAccessor.invoke(DirectMethodHandleAccessor.java:104)
at java.base/java.lang.reflect.Method.invoke(Method.java:577)
at org.testng.internal.MethodInvocationHelper.invokeMethod(MethodInvocationHelper.java:124)
at org.testng.internal.Invoker.invokeMethod(Invoker.java:583)
at org.testng.internal.Invoker.invokeTestMethod(Invoker.java:719)
at org.testng.internal.Invoker.invokeTestMethods(Invoker.java:989)
at org.testng.internal.TestMethodWorker.invokeTestMethods(TestMethodWorker.java:125)
at org.testng.internal.TestMethodWorker.run(TestMethodWorker.java:109)
at org.testng.TestRunner.privateRun(TestRunner.java:648)
at org.testng.TestRunner.run(TestRunner.java:505)
at org.testng.SuiteRunner.runTest(SuiteRunner.java:455)
at org.testng.SuiteRunner.runSequentially(SuiteRunner.java:450)
at org.testng.SuiteRunner.privateRun(SuiteRunner.java:415)
at org.testng.SuiteRunner.run(SuiteRunner.java:364)
at org.testng.SuiteRunnerWorker.runSuite(SuiteRunnerWorker.java:52)
at org.testng.SuiteRunnerWorker.run(SuiteRunnerWorker.java:84)
at org.testng.TestNG.runSuitesSequentially(TestNG.java:1208)
at org.testng.TestNG.runSuitesLocally(TestNG.java:1137)
at org.testng.TestNG.runSuites(TestNG.java:1049)
at org.testng.TestNG.run(TestNG.java:1017)
at org.testng.remote.AbstractRemoteTestNG.run(AbstractRemoteTestNG.java:115)
at org.testng.remote.RemoteTestNG.initAndRun(RemoteTestNG.java:251)
at org.testng.remote.RemoteTestNG.main(RemoteTestNG.java:77)
Caused by: com.microsoft.playwright.TimeoutError: Error {
  message='Timeout 30000ms exceeded.
=========================== logs ===========================
waiting for selector "TaskToBeDone"
============================================================
  name='TimeoutError
  stack='TimeoutError: Timeout 30000ms exceeded.
=========================== logs ===========================
waiting for selector "TaskToBeDone"
============================================================
    at ProgressController.run (C:\Users\hp\AppData\Local\Temp\playwright-java-8371012030729057343\package\lib\server\progress.js:96:26)
    at Frame.hover (C:\Users\hp\AppData\Local\Temp\playwright-java-8371012030729057343\package\lib\server\frames.js:1362:23)
    at FrameDispatcher.hover (C:\Users\hp\AppData\Local\Temp\playwright-java-8371012030729057343\package\lib\server\dispatchers\frameDispatcher.js:266:30)
    at DispatcherConnection.dispatch (C:\Users\hp\AppData\Local\Temp\playwright-java-8371012030729057343\package\lib\server\dispatchers\dispatcher.js:397:46)
}
at com.microsoft.playwright.impl.Connection.dispatch(Connection.java:188)
at com.microsoft.playwright.impl.Connection.processOneMessage(Connection.java:170)
at com.microsoft.playwright.impl.ChannelOwner.runUntil(ChannelOwner.java:107)
... 35 more
]]>
            </full-stacktrace>
          </exception> <!-- com.microsoft.playwright.TimeoutError -->
          <reporter-output>
          </reporter-output>
        </test-method> <!-- CreateTaskFoAPastDateTC0024 -->
        <test-method signature="cancelWhileCreatingANewTAskTC0025()[pri:5, instance:taskPage.TestCase_002_1@740cae06]" started-at="2022-08-30T14:17:20Z" name="cancelWhileCreatingANewTAskTC0025" finished-at="2022-08-30T14:17:21Z" duration-ms="1694" status="PASS">
          <reporter-output>
          </reporter-output>
        </test-method> <!-- cancelWhileCreatingANewTAskTC0025 -->
        <test-method signature="editTaskTC0031()[pri:5, instance:taskPage.TestCase_002_1@740cae06]" started-at="2022-08-30T14:17:21Z" name="editTaskTC0031" finished-at="2022-08-30T14:17:21Z" duration-ms="3" status="PASS">
          <reporter-output>
          </reporter-output>
        </test-method> <!-- editTaskTC0031 -->
      </class> <!-- taskPage.TestCase_002_1 -->
    </test> <!-- Default test -->
  </suite> <!-- Default suite -->
</testng-results>
